Using pre-set license
Built from '2020.3/staging' branch; Version is '2020.3.21f1 (a38c86f6690f) revision 10718342'; Using compiler version '192528614'; Build Type 'Release'
OS: 'Windows 10 Home; OS build 22000.739; Version 2009; 64bit' Language: 'ko' Physical Memory: 16178 MB
BatchMode: 1, IsHumanControllingUs: 0, StartBugReporterOnCrash: 0, Is64bit: 1, IsPro: 0

COMMAND LINE ARGUMENTS:
C:\Program Files\Unity\Hub\Editor\2020.3.21f1\Editor\Unity.exe
-adb2
-batchMode
-noUpm
-name
AssetImportWorker0
-projectPath
N:/Unity/running_game
-logFile
Logs/AssetImportWorker0.log
-srvPort
58857
Successfully changed project path to: N:/Unity/running_game
N:/Unity/running_game
Using Asset Import Pipeline V2.
Refreshing native plugins compatible for Editor in 121.08 ms, found 2 plugins.
Preloading 0 native plugins for Editor in 0.00 ms.
Initialize engine version: 2020.3.21f1 (a38c86f6690f)
[Subsystems] Discovering subsystems at path C:/Program Files/Unity/Hub/Editor/2020.3.21f1/Editor/Data/Resources/UnitySubsystems
[Subsystems] Discovering subsystems at path N:/Unity/running_game/Assets
GfxDevice: creating device client; threaded=0
Direct3D:
    Version:  Direct3D 11.0 [level 11.1]
    Renderer: Intel(R) UHD Graphics 620 (ID=0x3ea0)
    Vendor:   
    VRAM:     8089 MB
    Driver:   25.20.100.6577
Initialize mono
Mono path[0] = 'C:/Program Files/Unity/Hub/Editor/2020.3.21f1/Editor/Data/Managed'
Mono path[1] = 'C:/Program Files/Unity/Hub/Editor/2020.3.21f1/Editor/Data/MonoBleedingEdge/lib/mono/unityjit'
Mono config path = 'C:/Program Files/Unity/Hub/Editor/2020.3.21f1/Editor/Data/MonoBleedingEdge/etc'
Using monoOptions --debugger-agent=transport=dt_socket,embedding=1,server=y,suspend=n,address=127.0.0.1:56420
Begin MonoManager ReloadAssembly
Registering precompiled unity dll's ...
Register platform support module: C:/Program Files/Unity/Hub/Editor/2020.3.21f1/Editor/Data/PlaybackEngines/WindowsStandaloneSupport/UnityEditor.WindowsStandalone.Extensions.dll
Registered in 0.005039 seconds.
Native extension for WindowsStandalone target not found
Refreshing native plugins compatible for Editor in 104.82 ms, found 2 plugins.
Preloading 0 native plugins for Editor in 0.00 ms.
Mono: successfully reloaded assembly
- Completed reload, in  5.231 seconds
Domain Reload Profiling:
	ReloadAssembly (5232ms)
		BeginReloadAssembly (211ms)
			ExecutionOrderSort (0ms)
			DisableScriptedObjects (0ms)
			BackupInstance (0ms)
			ReleaseScriptingObjects (0ms)
			CreateAndSetChildDomain (2ms)
		EndReloadAssembly (1013ms)
			LoadAssemblies (205ms)
			RebuildTransferFunctionScriptingTraits (0ms)
			SetupTypeCache (360ms)
			ReleaseScriptCaches (0ms)
			RebuildScriptCaches (61ms)
			SetupLoadedEditorAssemblies (353ms)
				LogAssemblyErrors (0ms)
				InitializePlatformSupportModulesInManaged (9ms)
				SetLoadedEditorAssemblies (0ms)
				RefreshPlugins (105ms)
				BeforeProcessingInitializeOnLoad (30ms)
				ProcessInitializeOnLoadAttributes (159ms)
				ProcessInitializeOnLoadMethodAttributes (50ms)
				AfterProcessingInitializeOnLoad (0ms)
				EditorAssembliesLoaded (0ms)
			ExecutionOrderSort2 (0ms)
			AwakeInstancesAfterBackupRestoration (0ms)
Platform modules already initialized, skipping
Registering precompiled user dll's ...
Registered in 0.010424 seconds.
Begin MonoManager ReloadAssembly
Native extension for WindowsStandalone target not found
Refreshing native plugins compatible for Editor in 0.92 ms, found 2 plugins.
Preloading 0 native plugins for Editor in 0.00 ms.
Mono: successfully reloaded assembly
- Completed reload, in  2.178 seconds
Domain Reload Profiling:
	ReloadAssembly (2180ms)
		BeginReloadAssembly (310ms)
			ExecutionOrderSort (0ms)
			DisableScriptedObjects (10ms)
			BackupInstance (0ms)
			ReleaseScriptingObjects (0ms)
			CreateAndSetChildDomain (33ms)
		EndReloadAssembly (1746ms)
			LoadAssemblies (215ms)
			RebuildTransferFunctionScriptingTraits (0ms)
			SetupTypeCache (611ms)
			ReleaseScriptCaches (1ms)
			RebuildScriptCaches (94ms)
			SetupLoadedEditorAssemblies (687ms)
				LogAssemblyErrors (0ms)
				InitializePlatformSupportModulesInManaged (11ms)
				SetLoadedEditorAssemblies (1ms)
				RefreshPlugins (1ms)
				BeforeProcessingInitializeOnLoad (166ms)
				ProcessInitializeOnLoadAttributes (470ms)
				ProcessInitializeOnLoadMethodAttributes (17ms)
				AfterProcessingInitializeOnLoad (20ms)
				EditorAssembliesLoaded (1ms)
			ExecutionOrderSort2 (0ms)
			AwakeInstancesAfterBackupRestoration (15ms)
Platform modules already initialized, skipping
========================================================================
Worker process is ready to serve import requests
Launched and connected shader compiler UnityShaderCompiler.exe after 0.17 seconds
Refreshing native plugins compatible for Editor in 0.54 ms, found 2 plugins.
Preloading 0 native plugins for Editor in 0.00 ms.
Unloading 2000 Unused Serialized files (Serialized files now loaded: 0)
System memory in use before: 89.4 MB.
System memory in use after: 86.8 MB.

Unloading 62 unused Assets to reduce memory usage. Loaded Objects now: 2389.
Total: 5.657000 ms (FindLiveObjects: 0.210900 ms CreateObjectMapping: 0.096400 ms MarkObjects: 4.232200 ms  DeleteObjects: 1.115200 ms)

AssetImportParameters requested are different than current active one (requested -> active):
  custom:framework-win-MediaFoundation: 216162199b28c13a410421893ffa2e32 -> 
  custom:video-decoder-ogg-theora: a1e56fd34408186e4bbccfd4996cb3dc -> 
  custom:container-muxer-webm: aa71ff27fc2769a1b78a27578f13a17b -> 
  custom:container-demuxer-webm: 4f35f7cbe854078d1ac9338744f61a02 -> 
  custom:container-demuxer-ogg: 62fdf1f143b41e24485cea50d1cbac27 -> 
  custom:video-encoder-webm-vp8: eb34c28f22e8b96e1ab97ce403110664 -> 
  custom:video-decoder-webm-vp8: 9c59270c3fd7afecdb556c50c9e8de78 -> 
  custom:audio-decoder-ogg-vorbis: bf7c407c2cedff20999df2af8eb42d56 -> 
  custom:audio-encoder-webm-vorbis: bf7c407c2cedff20999df2af8eb42d56 -> 
========================================================================
Received Import Request.
  path: Assets/Prefabs/UI Canvas.prefab
  artifactKey: Guid(9a1bd12ebb35d4dc997aa0c5494eda9b) Importer(815301076,1909f56bfc062723c751e8b465ee728b)
Start importing Assets/Prefabs/UI Canvas.prefab using Guid(9a1bd12ebb35d4dc997aa0c5494eda9b) Importer(815301076,1909f56bfc062723c751e8b465ee728b)  -> (artifact id: '63242becd812f6573cf84b8626980006') in 0.249932 seconds 
  Import took 0.256390 seconds .

========================================================================
Received Import Request.
  Time since last request: 0.000435 seconds.
  path: Assets/Prefabs/Button.prefab
  artifactKey: Guid(7177f94ecf0cf1043a4790c439edbad6) Importer(815301076,1909f56bfc062723c751e8b465ee728b)
Start importing Assets/Prefabs/Button.prefab using Guid(7177f94ecf0cf1043a4790c439edbad6) Importer(815301076,1909f56bfc062723c751e8b465ee728b)  -> (artifact id: '5a00635e4755d5845ccef841fed61eda') in 0.047753 seconds 
  Import took 0.053633 seconds .

========================================================================
Received Import Request.
  Time since last request: 0.000428 seconds.
  path: Assets/Prefabs/Player.prefab
  artifactKey: Guid(7d60c822c3f1b408ea7a00ecdb5e047a) Importer(815301076,1909f56bfc062723c751e8b465ee728b)
Start importing Assets/Prefabs/Player.prefab using Guid(7d60c822c3f1b408ea7a00ecdb5e047a) Importer(815301076,1909f56bfc062723c751e8b465ee728b)  -> (artifact id: '4dbf2bd4c771fdae500cabae97a44d28') in 0.165996 seconds 
  Import took 0.172419 seconds .

========================================================================
Received Import Request.
  Time since last request: 0.000443 seconds.
  path: Assets/Prefabs/Enemy.prefab
  artifactKey: Guid(f158aa2be3df6489185ef721f6fd79c1) Importer(815301076,1909f56bfc062723c751e8b465ee728b)
Start importing Assets/Prefabs/Enemy.prefab using Guid(f158aa2be3df6489185ef721f6fd79c1) Importer(815301076,1909f56bfc062723c751e8b465ee728b)  -> (artifact id: '37f4b75f2374fa29118f89f0a05fde5f') in 0.039986 seconds 
  Import took 0.046740 seconds .

========================================================================
Received Import Request.
  Time since last request: 0.000316 seconds.
  path: Assets/Prefabs/TilePalette.prefab
  artifactKey: Guid(c02c4165d21a0fd488455befe67d7aac) Importer(815301076,1909f56bfc062723c751e8b465ee728b)
Start importing Assets/Prefabs/TilePalette.prefab using Guid(c02c4165d21a0fd488455befe67d7aac) Importer(815301076,1909f56bfc062723c751e8b465ee728b)  -> (artifact id: '94ce4e5b5352d069be4c8a3e4725d814') in 0.048130 seconds 
  Import took 0.053709 seconds .

========================================================================
Received Import Request.
  Time since last request: 0.000383 seconds.
  path: Assets/Prefabs/CinemachineConfiner.prefab
  artifactKey: Guid(6f545478bd0fb7a478ed6f674a5210f5) Importer(815301076,1909f56bfc062723c751e8b465ee728b)
Start importing Assets/Prefabs/CinemachineConfiner.prefab using Guid(6f545478bd0fb7a478ed6f674a5210f5) Importer(815301076,1909f56bfc062723c751e8b465ee728b)  -> (artifact id: 'f3c5dd36245e43f18596b4b6b4d1eb93') in 0.012792 seconds 
  Import took 0.018774 seconds .

========================================================================
Received Prepare
Refreshing native plugins compatible for Editor in 12.82 ms, found 2 plugins.
Preloading 0 native plugins for Editor in 0.00 ms.
Unloading 54 Unused Serialized files (Serialized files now loaded: 0)
System memory in use before: 55.8 MB.
System memory in use after: 53.3 MB.

Unloading 54 unused Assets to reduce memory usage. Loaded Objects now: 2402.
Total: 11.990600 ms (FindLiveObjects: 0.613900 ms CreateObjectMapping: 0.423700 ms MarkObjects: 8.777000 ms  DeleteObjects: 2.171600 ms)

AssetImportParameters requested are different than current active one (requested -> active):
  custom:framework-win-MediaFoundation: 216162199b28c13a410421893ffa2e32 -> 
  custom:video-decoder-ogg-theora: a1e56fd34408186e4bbccfd4996cb3dc -> 
  custom:container-muxer-webm: aa71ff27fc2769a1b78a27578f13a17b -> 
  custom:container-demuxer-webm: 4f35f7cbe854078d1ac9338744f61a02 -> 
  custom:container-demuxer-ogg: 62fdf1f143b41e24485cea50d1cbac27 -> 
  custom:video-encoder-webm-vp8: eb34c28f22e8b96e1ab97ce403110664 -> 
  custom:video-decoder-webm-vp8: 9c59270c3fd7afecdb556c50c9e8de78 -> 
  custom:audio-decoder-ogg-vorbis: bf7c407c2cedff20999df2af8eb42d56 -> 
  custom:audio-encoder-webm-vorbis: bf7c407c2cedff20999df2af8eb42d56 -> 
========================================================================
Received Import Request.
  Time since last request: 336.622114 seconds.
  path: Assets/Scripts/Gameplay/EnemyDeath.cs
  artifactKey: Guid(372c5a0e9ae09479a837b93ab71d1e7a) Importer(815301076,1909f56bfc062723c751e8b465ee728b)
Start importing Assets/Scripts/Gameplay/EnemyDeath.cs using Guid(372c5a0e9ae09479a837b93ab71d1e7a) Importer(815301076,1909f56bfc062723c751e8b465ee728b)  -> (artifact id: 'b79e7ca37c51b17fb76f03dced154c9e') in 0.053598 seconds 
  Import took 0.057149 seconds .

========================================================================
Received Import Request.
  Time since last request: 275.702298 seconds.
  path: Assets/Character/Sprites/EnemyDeath.png
  artifactKey: Guid(0d22f52a800554566bb7a5bd62041458) Importer(815301076,1909f56bfc062723c751e8b465ee728b)
Start importing Assets/Character/Sprites/EnemyDeath.png using Guid(0d22f52a800554566bb7a5bd62041458) Importer(815301076,1909f56bfc062723c751e8b465ee728b)  -> (artifact id: 'b6d9c50c06f918fdc189ea572d55eec1') in 0.118083 seconds 
  Import took 0.133287 seconds .

========================================================================
Received Import Request.
  Time since last request: 0.000537 seconds.
  path: Assets/Character/Sprites/EnemyIdle.png
  artifactKey: Guid(fe68c6e1242e94a9eab222e1f49440ff) Importer(815301076,1909f56bfc062723c751e8b465ee728b)
Start importing Assets/Character/Sprites/EnemyIdle.png using Guid(fe68c6e1242e94a9eab222e1f49440ff) Importer(815301076,1909f56bfc062723c751e8b465ee728b)  -> (artifact id: '5a119712f0ca3d723bb795e0cd2f1f9c') in 0.213070 seconds 
  Import took 0.258803 seconds .

========================================================================
Received Import Request.
  Time since last request: 0.000464 seconds.
  path: Assets/Character/Sprites/EnemyRun.png
  artifactKey: Guid(38c1b0996c8e0457eb88644b8cb126f3) Importer(815301076,1909f56bfc062723c751e8b465ee728b)
Start importing Assets/Character/Sprites/EnemyRun.png using Guid(38c1b0996c8e0457eb88644b8cb126f3) Importer(815301076,1909f56bfc062723c751e8b465ee728b)  -> (artifact id: '48d4a62df547c83a658ba1182591ddad') in 0.105484 seconds 
  Import took 0.110719 seconds .

========================================================================
Received Import Request.
  Time since last request: 0.000356 seconds.
  path: Assets/Character/Sprites/EnemyHurt.png
  artifactKey: Guid(93c828a03eeb34779a4373e83c7e1bcc) Importer(815301076,1909f56bfc062723c751e8b465ee728b)
Start importing Assets/Character/Sprites/EnemyHurt.png using Guid(93c828a03eeb34779a4373e83c7e1bcc) Importer(815301076,1909f56bfc062723c751e8b465ee728b)  -> (artifact id: '5cdda220248cc4bbe010bf2b4441ff23') in 0.078299 seconds 
  Import took 0.081785 seconds .

========================================================================
Received Import Request.
  Time since last request: 0.812717 seconds.
  path: Assets/Character/Sprites/Mr.Alien.png
  artifactKey: Guid(443583d5024ec0b46889a8bed11f2d5d) Importer(815301076,1909f56bfc062723c751e8b465ee728b)
Start importing Assets/Character/Sprites/Mr.Alien.png using Guid(443583d5024ec0b46889a8bed11f2d5d) Importer(815301076,1909f56bfc062723c751e8b465ee728b)  -> (artifact id: 'c9d203e1ba4663906d7f566648c2e4f7') in 0.019944 seconds 
  Import took 0.024382 seconds .

========================================================================
Received Import Request.
  Time since last request: 0.307724 seconds.
  path: Assets/Character/Sprites/PlayerDeath.png
  artifactKey: Guid(75b38086a902846edbae786183b0274d) Importer(815301076,1909f56bfc062723c751e8b465ee728b)
Start importing Assets/Character/Sprites/PlayerDeath.png using Guid(75b38086a902846edbae786183b0274d) Importer(815301076,1909f56bfc062723c751e8b465ee728b)  -> (artifact id: '490cc445cd155736927787838ffe6db6') in 0.145045 seconds 
  Import took 0.149957 seconds .

========================================================================
Received Import Request.
  Time since last request: 0.294415 seconds.
  path: Assets/Character/Sprites/PlayerHurt.png
  artifactKey: Guid(e1c7748eb9afd4e608ce8f923cf861dc) Importer(815301076,1909f56bfc062723c751e8b465ee728b)
Start importing Assets/Character/Sprites/PlayerHurt.png using Guid(e1c7748eb9afd4e608ce8f923cf861dc) Importer(815301076,1909f56bfc062723c751e8b465ee728b)  -> (artifact id: 'fae8d7015d5ec1b17485af98e9827659') in 0.089390 seconds 
  Import took 0.096400 seconds .

========================================================================
Received Import Request.
  Time since last request: 0.000357 seconds.
  path: Assets/Character/Sprites/PlayerIdle.png
  artifactKey: Guid(ba86c7b200abe499cb750833482830b3) Importer(815301076,1909f56bfc062723c751e8b465ee728b)
Start importing Assets/Character/Sprites/PlayerIdle.png using Guid(ba86c7b200abe499cb750833482830b3) Importer(815301076,1909f56bfc062723c751e8b465ee728b)  -> (artifact id: 'bfb53ae3437176fe741331a2841939e3') in 0.209277 seconds 
  Import took 0.214991 seconds .

========================================================================
Received Import Request.
  Time since last request: 0.156518 seconds.
  path: Assets/Character/Sprites/PlayerJump.png
  artifactKey: Guid(f43044f34a0b7424eb5deb0c04ff27c7) Importer(815301076,1909f56bfc062723c751e8b465ee728b)
Start importing Assets/Character/Sprites/PlayerJump.png using Guid(f43044f34a0b7424eb5deb0c04ff27c7) Importer(815301076,1909f56bfc062723c751e8b465ee728b)  -> (artifact id: 'c3c723950b1417dc34ca80570f0fbf51') in 0.289000 seconds 
  Import took 0.295926 seconds .

========================================================================
Received Import Request.
  Time since last request: 0.000367 seconds.
  path: Assets/Character/Sprites/PlayerLand.png
  artifactKey: Guid(e0d1e122a29a24ec19a2b23782952411) Importer(815301076,1909f56bfc062723c751e8b465ee728b)
Start importing Assets/Character/Sprites/PlayerLand.png using Guid(e0d1e122a29a24ec19a2b23782952411) Importer(815301076,1909f56bfc062723c751e8b465ee728b)  -> (artifact id: 'ddce4d19a79229849ec8299eabef2507') in 0.054336 seconds 
  Import took 0.058249 seconds .

========================================================================
Received Import Request.
  Time since last request: 0.208205 seconds.
  path: Assets/Character/Sprites/PlayerRun.png
  artifactKey: Guid(225a1eacac9dc41ae9a4d6adf7df8d40) Importer(815301076,1909f56bfc062723c751e8b465ee728b)
Start importing Assets/Character/Sprites/PlayerRun.png using Guid(225a1eacac9dc41ae9a4d6adf7df8d40) Importer(815301076,1909f56bfc062723c751e8b465ee728b)  -> (artifact id: 'f8ef73bc2faa222d82c4538f26a7269c') in 0.163196 seconds 
  Import took 0.169266 seconds .

========================================================================
Received Import Request.
  Time since last request: 0.000330 seconds.
  path: Assets/Character/Sprites/PlayerSpawn.png
  artifactKey: Guid(1a4bd6d8b694c4f65869fe4d44a0198b) Importer(815301076,1909f56bfc062723c751e8b465ee728b)
Start importing Assets/Character/Sprites/PlayerSpawn.png using Guid(1a4bd6d8b694c4f65869fe4d44a0198b) Importer(815301076,1909f56bfc062723c751e8b465ee728b)  -> (artifact id: '793f5585c5040be074179fb17fcc3e1c') in 0.160518 seconds 
  Import took 0.165279 seconds .

========================================================================
Received Import Request.
  Time since last request: 0.000290 seconds.
  path: Assets/Character/Sprites/PlayerVictory.png
  artifactKey: Guid(591161ddccde24e77bc04c29ec2742eb) Importer(815301076,1909f56bfc062723c751e8b465ee728b)
Start importing Assets/Character/Sprites/PlayerVictory.png using Guid(591161ddccde24e77bc04c29ec2742eb) Importer(815301076,1909f56bfc062723c751e8b465ee728b)  -> (artifact id: '6950b44bbc7c96b5755fa03e549946fb') in 0.092460 seconds 
  Import took 0.096538 seconds .

========================================================================
Received Import Request.
  Time since last request: 0.000404 seconds.
  path: Assets/Character/Sprites/TokenCollected.png
  artifactKey: Guid(d7f3ba40c95624407a79329e1af8b953) Importer(815301076,1909f56bfc062723c751e8b465ee728b)
Start importing Assets/Character/Sprites/TokenCollected.png using Guid(d7f3ba40c95624407a79329e1af8b953) Importer(815301076,1909f56bfc062723c751e8b465ee728b)  -> (artifact id: 'c2f4863c2f0b71cac5ca66df4e7c2427') in 0.073526 seconds 
  Import took 0.077691 seconds .

========================================================================
Received Import Request.
  Time since last request: 0.000311 seconds.
  path: Assets/Character/Sprites/TokenSpin.png
  artifactKey: Guid(c36b0e54a8d8340759ab2f1394787f1f) Importer(815301076,1909f56bfc062723c751e8b465ee728b)
Start importing Assets/Character/Sprites/TokenSpin.png using Guid(c36b0e54a8d8340759ab2f1394787f1f) Importer(815301076,1909f56bfc062723c751e8b465ee728b)  -> (artifact id: '574daf32e3b32131a972bcbf384c54b7') in 0.089790 seconds 
  Import took 0.093706 seconds .

========================================================================
Received Import Request.
  Time since last request: 26.373342 seconds.
  path: Assets/Character/Sprites/PlayerIdle 1.png
  artifactKey: Guid(4adcf2ea71349a6438955e4be1a643e4) Importer(815301076,1909f56bfc062723c751e8b465ee728b)
Start importing Assets/Character/Sprites/PlayerIdle 1.png using Guid(4adcf2ea71349a6438955e4be1a643e4) Importer(815301076,1909f56bfc062723c751e8b465ee728b)  -> (artifact id: '253b947bb87861d13ec6dd31f8b1f4da') in 0.028366 seconds 
  Import took 0.033602 seconds .

========================================================================
Received Prepare
Registering precompiled user dll's ...
Registered in 0.007113 seconds.
Begin MonoManager ReloadAssembly
Native extension for WindowsStandalone target not found
Refreshing native plugins compatible for Editor in 0.49 ms, found 2 plugins.
Preloading 0 native plugins for Editor in 0.00 ms.
Mono: successfully reloaded assembly
- Completed reload, in  1.590 seconds
Domain Reload Profiling:
	ReloadAssembly (1591ms)
		BeginReloadAssembly (214ms)
			ExecutionOrderSort (0ms)
			DisableScriptedObjects (8ms)
			BackupInstance (0ms)
			ReleaseScriptingObjects (0ms)
			CreateAndSetChildDomain (49ms)
		EndReloadAssembly (1273ms)
			LoadAssemblies (185ms)
			RebuildTransferFunctionScriptingTraits (0ms)
			SetupTypeCache (431ms)
			ReleaseScriptCaches (1ms)
			RebuildScriptCaches (47ms)
			SetupLoadedEditorAssemblies (541ms)
				LogAssemblyErrors (0ms)
				InitializePlatformSupportModulesInManaged (6ms)
				SetLoadedEditorAssemblies (0ms)
				RefreshPlugins (1ms)
				BeforeProcessingInitializeOnLoad (90ms)
				ProcessInitializeOnLoadAttributes (419ms)
				ProcessInitializeOnLoadMethodAttributes (11ms)
				AfterProcessingInitializeOnLoad (14ms)
				EditorAssembliesLoaded (0ms)
			ExecutionOrderSort2 (0ms)
			AwakeInstancesAfterBackupRestoration (10ms)
Platform modules already initialized, skipping
Refreshing native plugins compatible for Editor in 0.49 ms, found 2 plugins.
Preloading 0 native plugins for Editor in 0.00 ms.
Unloading 2028 Unused Serialized files (Serialized files now loaded: 0)
System memory in use before: 93.5 MB.
System memory in use after: 91.0 MB.

Unloading 57 unused Assets to reduce memory usage. Loaded Objects now: 2446.
Total: 5.193000 ms (FindLiveObjects: 0.263200 ms CreateObjectMapping: 0.067100 ms MarkObjects: 3.745700 ms  DeleteObjects: 1.115500 ms)

AssetImportParameters requested are different than current active one (requested -> active):
  custom:framework-win-MediaFoundation: 216162199b28c13a410421893ffa2e32 -> 
  custom:video-decoder-ogg-theora: a1e56fd34408186e4bbccfd4996cb3dc -> 
  custom:container-muxer-webm: aa71ff27fc2769a1b78a27578f13a17b -> 
  custom:container-demuxer-webm: 4f35f7cbe854078d1ac9338744f61a02 -> 
  custom:container-demuxer-ogg: 62fdf1f143b41e24485cea50d1cbac27 -> 
  custom:video-encoder-webm-vp8: eb34c28f22e8b96e1ab97ce403110664 -> 
  custom:video-decoder-webm-vp8: 9c59270c3fd7afecdb556c50c9e8de78 -> 
  custom:audio-decoder-ogg-vorbis: bf7c407c2cedff20999df2af8eb42d56 -> 
  custom:audio-encoder-webm-vorbis: bf7c407c2cedff20999df2af8eb42d56 -> 
========================================================================
Received Import Request.
  Time since last request: 225.818896 seconds.
  path: Assets/Character/Sprites/PlayerIdle 1.png
  artifactKey: Guid(4adcf2ea71349a6438955e4be1a643e4) Importer(815301076,1909f56bfc062723c751e8b465ee728b)
Start importing Assets/Character/Sprites/PlayerIdle 1.png using Guid(4adcf2ea71349a6438955e4be1a643e4) Importer(815301076,1909f56bfc062723c751e8b465ee728b)  -> (artifact id: '84397eee8bb6093a47cf379952590868') in 0.063498 seconds 
  Import took 0.069155 seconds .

========================================================================
Received Import Request.
  Time since last request: 43.364821 seconds.
  path: Assets/Character/Sprites/PlayerIdle 1.png
  artifactKey: Guid(4adcf2ea71349a6438955e4be1a643e4) Importer(815301076,1909f56bfc062723c751e8b465ee728b)
Start importing Assets/Character/Sprites/PlayerIdle 1.png using Guid(4adcf2ea71349a6438955e4be1a643e4) Importer(815301076,1909f56bfc062723c751e8b465ee728b)  -> (artifact id: '466d644fcd3b6c1321e758c7fbdf299b') in 0.079246 seconds 
  Import took 0.086722 seconds .

========================================================================
Received Import Request.
  Time since last request: 84.820380 seconds.
  path: Assets/Character/Sprites/PlayerIdle 1.png
  artifactKey: Guid(4adcf2ea71349a6438955e4be1a643e4) Importer(815301076,1909f56bfc062723c751e8b465ee728b)
Start importing Assets/Character/Sprites/PlayerIdle 1.png using Guid(4adcf2ea71349a6438955e4be1a643e4) Importer(815301076,1909f56bfc062723c751e8b465ee728b)  -> (artifact id: '139fcf3ee7394e482c1f5aa45e91f5d2') in 0.042149 seconds 
  Import took 0.049901 seconds .

========================================================================
Received Prepare
Registering precompiled user dll's ...
Registered in 0.006363 seconds.
Begin MonoManager ReloadAssembly
Native extension for WindowsStandalone target not found
Refreshing native plugins compatible for Editor in 0.54 ms, found 2 plugins.
Preloading 0 native plugins for Editor in 0.00 ms.
Mono: successfully reloaded assembly
- Completed reload, in  1.301 seconds
Domain Reload Profiling:
	ReloadAssembly (1302ms)
		BeginReloadAssembly (157ms)
			ExecutionOrderSort (0ms)
			DisableScriptedObjects (5ms)
			BackupInstance (0ms)
			ReleaseScriptingObjects (0ms)
			CreateAndSetChildDomain (43ms)
		EndReloadAssembly (1070ms)
			LoadAssemblies (130ms)
			RebuildTransferFunctionScriptingTraits (0ms)
			SetupTypeCache (341ms)
			ReleaseScriptCaches (1ms)
			RebuildScriptCaches (50ms)
			SetupLoadedEditorAssemblies (458ms)
				LogAssemblyErrors (0ms)
				InitializePlatformSupportModulesInManaged (7ms)
				SetLoadedEditorAssemblies (0ms)
				RefreshPlugins (1ms)
				BeforeProcessingInitializeOnLoad (93ms)
				ProcessInitializeOnLoadAttributes (332ms)
				ProcessInitializeOnLoadMethodAttributes (11ms)
				AfterProcessingInitializeOnLoad (14ms)
				EditorAssembliesLoaded (0ms)
			ExecutionOrderSort2 (0ms)
			AwakeInstancesAfterBackupRestoration (10ms)
Platform modules already initialized, skipping
Refreshing native plugins compatible for Editor in 1.07 ms, found 2 plugins.
Preloading 0 native plugins for Editor in 0.00 ms.
Unloading 2028 Unused Serialized files (Serialized files now loaded: 0)
System memory in use before: 93.6 MB.
System memory in use after: 91.0 MB.

Unloading 57 unused Assets to reduce memory usage. Loaded Objects now: 2451.
Total: 6.329500 ms (FindLiveObjects: 0.289000 ms CreateObjectMapping: 0.120800 ms MarkObjects: 4.754500 ms  DeleteObjects: 1.163000 ms)

AssetImportParameters requested are different than current active one (requested -> active):
  custom:framework-win-MediaFoundation: 216162199b28c13a410421893ffa2e32 -> 
  custom:video-decoder-ogg-theora: a1e56fd34408186e4bbccfd4996cb3dc -> 
  custom:container-muxer-webm: aa71ff27fc2769a1b78a27578f13a17b -> 
  custom:container-demuxer-webm: 4f35f7cbe854078d1ac9338744f61a02 -> 
  custom:container-demuxer-ogg: 62fdf1f143b41e24485cea50d1cbac27 -> 
  custom:video-encoder-webm-vp8: eb34c28f22e8b96e1ab97ce403110664 -> 
  custom:video-decoder-webm-vp8: 9c59270c3fd7afecdb556c50c9e8de78 -> 
  custom:audio-decoder-ogg-vorbis: bf7c407c2cedff20999df2af8eb42d56 -> 
  custom:audio-encoder-webm-vorbis: bf7c407c2cedff20999df2af8eb42d56 -> 
========================================================================
Received Prepare
Registering precompiled user dll's ...
Registered in 0.008579 seconds.
Begin MonoManager ReloadAssembly
Native extension for WindowsStandalone target not found
Refreshing native plugins compatible for Editor in 0.49 ms, found 2 plugins.
Preloading 0 native plugins for Editor in 0.00 ms.
Mono: successfully reloaded assembly
- Completed reload, in  1.470 seconds
Domain Reload Profiling:
	ReloadAssembly (1470ms)
		BeginReloadAssembly (175ms)
			ExecutionOrderSort (0ms)
			DisableScriptedObjects (5ms)
			BackupInstance (0ms)
			ReleaseScriptingObjects (0ms)
			CreateAndSetChildDomain (38ms)
		EndReloadAssembly (1178ms)
			LoadAssemblies (166ms)
			RebuildTransferFunctionScriptingTraits (0ms)
			SetupTypeCache (446ms)
			ReleaseScriptCaches (1ms)
			RebuildScriptCaches (72ms)
			SetupLoadedEditorAssemblies (392ms)
				LogAssemblyErrors (0ms)
				InitializePlatformSupportModulesInManaged (5ms)
				SetLoadedEditorAssemblies (0ms)
				RefreshPlugins (1ms)
				BeforeProcessingInitializeOnLoad (98ms)
				ProcessInitializeOnLoadAttributes (268ms)
				ProcessInitializeOnLoadMethodAttributes (8ms)
				AfterProcessingInitializeOnLoad (12ms)
				EditorAssembliesLoaded (0ms)
			ExecutionOrderSort2 (0ms)
			AwakeInstancesAfterBackupRestoration (9ms)
Platform modules already initialized, skipping
Refreshing native plugins compatible for Editor in 0.49 ms, found 2 plugins.
Preloading 0 native plugins for Editor in 0.00 ms.
Unloading 2028 Unused Serialized files (Serialized files now loaded: 0)
System memory in use before: 93.6 MB.
System memory in use after: 91.0 MB.

Unloading 57 unused Assets to reduce memory usage. Loaded Objects now: 2453.
Total: 5.220300 ms (FindLiveObjects: 0.219600 ms CreateObjectMapping: 0.074100 ms MarkObjects: 3.850500 ms  DeleteObjects: 1.074900 ms)

AssetImportParameters requested are different than current active one (requested -> active):
  custom:framework-win-MediaFoundation: 216162199b28c13a410421893ffa2e32 -> 
  custom:video-decoder-ogg-theora: a1e56fd34408186e4bbccfd4996cb3dc -> 
  custom:container-muxer-webm: aa71ff27fc2769a1b78a27578f13a17b -> 
  custom:container-demuxer-webm: 4f35f7cbe854078d1ac9338744f61a02 -> 
  custom:container-demuxer-ogg: 62fdf1f143b41e24485cea50d1cbac27 -> 
  custom:video-encoder-webm-vp8: eb34c28f22e8b96e1ab97ce403110664 -> 
  custom:video-decoder-webm-vp8: 9c59270c3fd7afecdb556c50c9e8de78 -> 
  custom:audio-decoder-ogg-vorbis: bf7c407c2cedff20999df2af8eb42d56 -> 
  custom:audio-encoder-webm-vorbis: bf7c407c2cedff20999df2af8eb42d56 -> 
========================================================================
Received Import Request.
  Time since last request: 561.334701 seconds.
  path: Assets/Gdori MOD/Character Sprites/PlayerIdle.png
  artifactKey: Guid(9058c844a067e4fc481ed2660d7f65af) Importer(815301076,1909f56bfc062723c751e8b465ee728b)
Start importing Assets/Gdori MOD/Character Sprites/PlayerIdle.png using Guid(9058c844a067e4fc481ed2660d7f65af) Importer(815301076,1909f56bfc062723c751e8b465ee728b)  -> (artifact id: 'c187400dcab781ce08325219322c9e1e') in 0.166659 seconds 
  Import took 0.174315 seconds .

========================================================================
Received Import Request.
  Time since last request: 28.549355 seconds.
  path: Assets/Gdori MOD
  artifactKey: Guid(2082168a99048f54e9334f511e517279) Importer(815301076,1909f56bfc062723c751e8b465ee728b)
Start importing Assets/Gdori MOD using Guid(2082168a99048f54e9334f511e517279) Importer(815301076,1909f56bfc062723c751e8b465ee728b)  -> (artifact id: 'aba66693287c2ca0ea5ffd93c8a73d7e') in 0.011866 seconds 
  Import took 0.017579 seconds .

========================================================================
Received Import Request.
  Time since last request: 2.784479 seconds.
  path: Assets/Gdori MOD/Character Sprites
  artifactKey: Guid(5e3785ac8b675214baee61c508a6c896) Importer(815301076,1909f56bfc062723c751e8b465ee728b)
Start importing Assets/Gdori MOD/Character Sprites using Guid(5e3785ac8b675214baee61c508a6c896) Importer(815301076,1909f56bfc062723c751e8b465ee728b)  -> (artifact id: 'c01522f06a12a6c6e2f69a14f249ec34') in 0.011883 seconds 
  Import took 0.017153 seconds .

========================================================================
Received Import Request.
  Time since last request: 0.030321 seconds.
  path: Assets/Gdori MOD/Character Sprites/PlayerDeath.png
  artifactKey: Guid(a31dee34743cc4a0cbd3c350e28e9af9) Importer(815301076,1909f56bfc062723c751e8b465ee728b)
Start importing Assets/Gdori MOD/Character Sprites/PlayerDeath.png using Guid(a31dee34743cc4a0cbd3c350e28e9af9) Importer(815301076,1909f56bfc062723c751e8b465ee728b)  -> (artifact id: 'a80bf4459a986fb3ce483c57ec4b4e46') in 0.069309 seconds 
  Import took 0.074255 seconds .

========================================================================
Received Import Request.
  Time since last request: 0.000473 seconds.
  path: Assets/Gdori MOD/Character Sprites/PlayerJump 2.png
  artifactKey: Guid(ee038dfe6d72f4110b92d9588a06ddf4) Importer(815301076,1909f56bfc062723c751e8b465ee728b)
Start importing Assets/Gdori MOD/Character Sprites/PlayerJump 2.png using Guid(ee038dfe6d72f4110b92d9588a06ddf4) Importer(815301076,1909f56bfc062723c751e8b465ee728b)  -> (artifact id: 'ccc48dfcc8a6d05e20a121dddd2817d9') in 0.049266 seconds 
  Import took 0.053681 seconds .

========================================================================
Received Import Request.
  Time since last request: 0.000385 seconds.
  path: Assets/Gdori MOD/Character Sprites/PlayerLand 2.png
  artifactKey: Guid(84e13eb3ec6954a08a46be65398eb0f7) Importer(815301076,1909f56bfc062723c751e8b465ee728b)
Start importing Assets/Gdori MOD/Character Sprites/PlayerLand 2.png using Guid(84e13eb3ec6954a08a46be65398eb0f7) Importer(815301076,1909f56bfc062723c751e8b465ee728b)  -> (artifact id: '80e3da446182d695aff97b15f012381e') in 0.033910 seconds 
  Import took 0.038576 seconds .

========================================================================
Received Import Request.
  Time since last request: 0.000476 seconds.
  path: Assets/Gdori MOD/Character Sprites/PlayerHurt.png
  artifactKey: Guid(81ac5f9e1eacf4512937f9193774d8b3) Importer(815301076,1909f56bfc062723c751e8b465ee728b)
Start importing Assets/Gdori MOD/Character Sprites/PlayerHurt.png using Guid(81ac5f9e1eacf4512937f9193774d8b3) Importer(815301076,1909f56bfc062723c751e8b465ee728b)  -> (artifact id: '39b6f37081f2030dd1f38f5e5ecf0a91') in 0.023738 seconds 
  Import took 0.027269 seconds .

========================================================================
Received Import Request.
  Time since last request: 0.000363 seconds.
  path: Assets/Gdori MOD/Character Sprites/PlayerRun 2.png
  artifactKey: Guid(80d9e544fe5934eb88d6495f982f1153) Importer(815301076,1909f56bfc062723c751e8b465ee728b)
Start importing Assets/Gdori MOD/Character Sprites/PlayerRun 2.png using Guid(80d9e544fe5934eb88d6495f982f1153) Importer(815301076,1909f56bfc062723c751e8b465ee728b)  -> (artifact id: '54fab00d0683f5ff89606805a31bfdfc') in 0.079499 seconds 
  Import took 0.085583 seconds .

========================================================================
Received Import Request.
  Time since last request: 0.000376 seconds.
  path: Assets/Gdori MOD/Character Sprites/PlayerVictory.png
  artifactKey: Guid(e2df02ba2052b43839dd7fbdecc3a9df) Importer(815301076,1909f56bfc062723c751e8b465ee728b)
Start importing Assets/Gdori MOD/Character Sprites/PlayerVictory.png using Guid(e2df02ba2052b43839dd7fbdecc3a9df) Importer(815301076,1909f56bfc062723c751e8b465ee728b)  -> (artifact id: '64aacb2b8c9cfadf39e4bba52078cb81') in 0.053454 seconds 
  Import took 0.057182 seconds .

========================================================================
Received Import Request.
  Time since last request: 0.000383 seconds.
  path: Assets/Gdori MOD/Character Sprites/PlayerSpawn.png
  artifactKey: Guid(a2d3be8881395464c889da344c8ca9c5) Importer(815301076,1909f56bfc062723c751e8b465ee728b)
Start importing Assets/Gdori MOD/Character Sprites/PlayerSpawn.png using Guid(a2d3be8881395464c889da344c8ca9c5) Importer(815301076,1909f56bfc062723c751e8b465ee728b)  -> (artifact id: '75e83ac59710c5939618e2eeab851a40') in 0.100151 seconds 
  Import took 0.103615 seconds .

========================================================================
Received Import Request.
  Time since last request: 7.970643 seconds.
  path: Assets/Prefabs/G Player.prefab
  artifactKey: Guid(c8cbd590c3ead4968b28f7af509db333) Importer(815301076,1909f56bfc062723c751e8b465ee728b)
Start importing Assets/Prefabs/G Player.prefab using Guid(c8cbd590c3ead4968b28f7af509db333) Importer(815301076,1909f56bfc062723c751e8b465ee728b)  -> (artifact id: '50774f238098be843ceab0cf67ff66b9') in 0.058029 seconds 
  Import took 0.065425 seconds .

========================================================================
Received Import Request.
  Time since last request: 158.287369 seconds.
  path: Assets/Mod Assets/Mod Resources/Trail Materials/FireTrailMaterial.mat
  artifactKey: Guid(1cdc620dc87bd45acbd2dfd2cc6560eb) Importer(815301076,1909f56bfc062723c751e8b465ee728b)
Start importing Assets/Mod Assets/Mod Resources/Trail Materials/FireTrailMaterial.mat using Guid(1cdc620dc87bd45acbd2dfd2cc6560eb) Importer(815301076,1909f56bfc062723c751e8b465ee728b)  -> (artifact id: '7e53c79ace527c73c7c8bb0ef59e8e96') in 0.244955 seconds 
  Import took 0.249393 seconds .

========================================================================
Received Import Request.
  Time since last request: 0.000340 seconds.
  path: Assets/Mod Assets/Trail Prefabs/SubtleTrail.prefab
  artifactKey: Guid(66a23a41bc72040c580ec1ae0a348142) Importer(815301076,1909f56bfc062723c751e8b465ee728b)
Start importing Assets/Mod Assets/Trail Prefabs/SubtleTrail.prefab using Guid(66a23a41bc72040c580ec1ae0a348142) Importer(815301076,1909f56bfc062723c751e8b465ee728b)  -> (artifact id: '3018cf898f3dd08d1d55d2bf1fa5028b') in 0.029572 seconds 
  Import took 0.034704 seconds .

========================================================================
Received Import Request.
  Time since last request: 0.000672 seconds.
  path: Assets/Mod Assets/Mod Resources/Trail Materials/RainbowTrailMaterial.mat
  artifactKey: Guid(711224fcf6d6c40faafe946b2f78b361) Importer(815301076,1909f56bfc062723c751e8b465ee728b)
Start importing Assets/Mod Assets/Mod Resources/Trail Materials/RainbowTrailMaterial.mat using Guid(711224fcf6d6c40faafe946b2f78b361) Importer(815301076,1909f56bfc062723c751e8b465ee728b)  -> (artifact id: 'c32a24fce97664aa8efba423884995ef') in 0.024943 seconds 
  Import took 0.029858 seconds .

========================================================================
Received Import Request.
  Time since last request: 0.000466 seconds.
  path: Assets/Tutorials/AddAnEnemy/AddAnEnemy 20.asset
  artifactKey: Guid(7a26dc58262a1fb48aad0781afaa1608) Importer(815301076,1909f56bfc062723c751e8b465ee728b)
Start importing Assets/Tutorials/AddAnEnemy/AddAnEnemy 20.asset using Guid(7a26dc58262a1fb48aad0781afaa1608) Importer(815301076,1909f56bfc062723c751e8b465ee728b)  -> (artifact id: '6418a86bc39a24495e191aa14b3907b0') in 0.085628 seconds 
  Import took 0.092398 seconds .

========================================================================
Received Import Request.
  Time since last request: 0.000322 seconds.
  path: Assets/Mod Assets/Custom Materials/Subtractive.mat
  artifactKey: Guid(2d4335f212752412590d952b4ff9f248) Importer(815301076,1909f56bfc062723c751e8b465ee728b)
Start importing Assets/Mod Assets/Custom Materials/Subtractive.mat using Guid(2d4335f212752412590d952b4ff9f248) Importer(815301076,1909f56bfc062723c751e8b465ee728b)  -> (artifact id: '49ffd38448e8ea9a545d041e90ce3ef0') in 0.127933 seconds 
  Import took 0.132641 seconds .

========================================================================
Received Import Request.
  Time since last request: 0.000390 seconds.
  path: Assets/Mod Assets/Trail Prefabs/RainbowTrail.prefab
  artifactKey: Guid(5c49c1613def9483585c222067115b32) Importer(815301076,1909f56bfc062723c751e8b465ee728b)
Start importing Assets/Mod Assets/Trail Prefabs/RainbowTrail.prefab using Guid(5c49c1613def9483585c222067115b32) Importer(815301076,1909f56bfc062723c751e8b465ee728b)  -> (artifact id: 'ca9349f22c0b32a10a3055615fc64c71') in 0.023960 seconds 
  Import took 0.028773 seconds .

========================================================================
Received Import Request.
  Time since last request: 0.000467 seconds.
  path: Assets/Mod Assets/Mod Resources/Trail Materials/LongTrailMaterial.mat
  artifactKey: Guid(dbd73125b5e3c429ea6c920ebcc9dd92) Importer(815301076,1909f56bfc062723c751e8b465ee728b)
Start importing Assets/Mod Assets/Mod Resources/Trail Materials/LongTrailMaterial.mat using Guid(dbd73125b5e3c429ea6c920ebcc9dd92) Importer(815301076,1909f56bfc062723c751e8b465ee728b)  -> (artifact id: '7c1ee59779022a27f7c6e7454bf64845') in 0.029265 seconds 
  Import took 0.034658 seconds .

========================================================================
Received Import Request.
  Time since last request: 0.000538 seconds.
  path: Assets/Mod Assets/Mod Resources/Trail Materials/SubtleTrailMaterial.mat
  artifactKey: Guid(bb6ceb127383a4152a4041c9babd6912) Importer(815301076,1909f56bfc062723c751e8b465ee728b)
Start importing Assets/Mod Assets/Mod Resources/Trail Materials/SubtleTrailMaterial.mat using Guid(bb6ceb127383a4152a4041c9babd6912) Importer(815301076,1909f56bfc062723c751e8b465ee728b)  -> (artifact id: 'b9356cc9a32ccccc6bfd06bcb8f21baa') in 0.023210 seconds 
  Import took 0.029387 seconds .

========================================================================
Received Import Request.
  Time since last request: 0.000537 seconds.
  path: Assets/Mod Assets/Mod Resources/Trail Materials/PlatformerRainbowTrailMaterial.mat
  artifactKey: Guid(fb9022c6471ea4540bead8403c8d7496) Importer(815301076,1909f56bfc062723c751e8b465ee728b)
Start importing Assets/Mod Assets/Mod Resources/Trail Materials/PlatformerRainbowTrailMaterial.mat using Guid(fb9022c6471ea4540bead8403c8d7496) Importer(815301076,1909f56bfc062723c751e8b465ee728b)  -> (artifact id: '210feedfca94cf9ac694d5de66d31edb') in 0.022867 seconds 
  Import took 0.028244 seconds .

========================================================================
Received Import Request.
  Time since last request: 0.000483 seconds.
  path: Assets/Mod Assets/Mod Resources/Trail Materials/LaserTrailMaterial.mat
  artifactKey: Guid(496d4eb29afae4308be4e6a2069959b3) Importer(815301076,1909f56bfc062723c751e8b465ee728b)
Start importing Assets/Mod Assets/Mod Resources/Trail Materials/LaserTrailMaterial.mat using Guid(496d4eb29afae4308be4e6a2069959b3) Importer(815301076,1909f56bfc062723c751e8b465ee728b)  -> (artifact id: 'ba1d1129bf0c9090ce75ff7d825a2fc3') in 0.351357 seconds 
  Import took 0.355455 seconds .

========================================================================
Received Import Request.
  Time since last request: 0.000425 seconds.
  path: Assets/Mod Assets/Trail Prefabs/LongTrail.prefab
  artifactKey: Guid(92a247bf9ecb64679afb9551e73a24f9) Importer(815301076,1909f56bfc062723c751e8b465ee728b)
Start importing Assets/Mod Assets/Trail Prefabs/LongTrail.prefab using Guid(92a247bf9ecb64679afb9551e73a24f9) Importer(815301076,1909f56bfc062723c751e8b465ee728b)  -> (artifact id: 'a807fde7b6ac97d0be284d55e2046ed8') in 0.024842 seconds 
  Import took 0.029374 seconds .

========================================================================
Received Prepare
Registering precompiled user dll's ...
Registered in 0.008116 seconds.
Begin MonoManager ReloadAssembly
Native extension for WindowsStandalone target not found
Refreshing native plugins compatible for Editor in 0.73 ms, found 2 plugins.
Preloading 0 native plugins for Editor in 0.00 ms.
Mono: successfully reloaded assembly
- Completed reload, in  1.939 seconds
Domain Reload Profiling:
	ReloadAssembly (1939ms)
		BeginReloadAssembly (213ms)
			ExecutionOrderSort (0ms)
			DisableScriptedObjects (9ms)
			BackupInstance (0ms)
			ReleaseScriptingObjects (0ms)
			CreateAndSetChildDomain (57ms)
		EndReloadAssembly (1613ms)
			LoadAssemblies (213ms)
			RebuildTransferFunctionScriptingTraits (0ms)
			SetupTypeCache (609ms)
			ReleaseScriptCaches (2ms)
			RebuildScriptCaches (76ms)
			SetupLoadedEditorAssemblies (569ms)
				LogAssemblyErrors (0ms)
				InitializePlatformSupportModulesInManaged (10ms)
				SetLoadedEditorAssemblies (1ms)
				RefreshPlugins (1ms)
				BeforeProcessingInitializeOnLoad (147ms)
				ProcessInitializeOnLoadAttributes (380ms)
				ProcessInitializeOnLoadMethodAttributes (14ms)
				AfterProcessingInitializeOnLoad (16ms)
				EditorAssembliesLoaded (0ms)
			ExecutionOrderSort2 (0ms)
			AwakeInstancesAfterBackupRestoration (15ms)
Platform modules already initialized, skipping
Refreshing native plugins compatible for Editor in 0.80 ms, found 2 plugins.
Preloading 0 native plugins for Editor in 0.00 ms.
Unloading 2028 Unused Serialized files (Serialized files now loaded: 0)
System memory in use before: 94.1 MB.
System memory in use after: 91.5 MB.

Unloading 57 unused Assets to reduce memory usage. Loaded Objects now: 2491.
Total: 6.372400 ms (FindLiveObjects: 0.276700 ms CreateObjectMapping: 0.114100 ms MarkObjects: 4.588800 ms  DeleteObjects: 1.391000 ms)

AssetImportParameters requested are different than current active one (requested -> active):
  custom:framework-win-MediaFoundation: 216162199b28c13a410421893ffa2e32 -> 
  custom:video-decoder-ogg-theora: a1e56fd34408186e4bbccfd4996cb3dc -> 
  custom:container-muxer-webm: aa71ff27fc2769a1b78a27578f13a17b -> 
  custom:container-demuxer-webm: 4f35f7cbe854078d1ac9338744f61a02 -> 
  custom:container-demuxer-ogg: 62fdf1f143b41e24485cea50d1cbac27 -> 
  custom:video-encoder-webm-vp8: eb34c28f22e8b96e1ab97ce403110664 -> 
  custom:video-decoder-webm-vp8: 9c59270c3fd7afecdb556c50c9e8de78 -> 
  custom:audio-decoder-ogg-vorbis: bf7c407c2cedff20999df2af8eb42d56 -> 
  custom:audio-encoder-webm-vorbis: bf7c407c2cedff20999df2af8eb42d56 -> 
